Error in cling::AutoLoadingVisitor::InsertIntoAutoLoadingState:
   Missing FileEntry for RestFrames/RFKey.hh
   requested to autoload type RestFrames::RFKey
Error in cling::AutoLoadingVisitor::InsertIntoAutoLoadingState:
   Missing FileEntry for RestFrames/RFCharge.hh
   requested to autoload type RestFrames::RFCharge
Error in cling::AutoLoadingVisitor::InsertIntoAutoLoadingState:
   Missing FileEntry for RestFrames/RestFrame.hh
   requested to autoload type RestFrames::RestFrame
Error in cling::AutoLoadingVisitor::InsertIntoAutoLoadingState:
   Missing FileEntry for RestFrames/RFList.hh
   requested to autoload type RestFrames::RFList
Error in cling::AutoLoadingVisitor::InsertIntoAutoLoadingState:
   Missing FileEntry for RestFrames/Group.hh
   requested to autoload type RestFrames::Group
Error in cling::AutoLoadingVisitor::InsertIntoAutoLoadingState:
   Missing FileEntry for RestFrames/Jigsaw.hh
   requested to autoload type RestFrames::Jigsaw
Error in cling::AutoLoadingVisitor::InsertIntoAutoLoadingState:
   Missing FileEntry for RestFrames/HistPlotVar.hh
   requested to autoload type RestFrames::HistPlotVar
Error in cling::AutoLoadingVisitor::InsertIntoAutoLoadingState:
   Missing FileEntry for RestFrames/HistPlotCategory.hh
   requested to autoload type RestFrames::HistPlotCategory
Error in cling::AutoLoadingVisitor::InsertIntoAutoLoadingState:
   Missing FileEntry for RestFrames/RFLog.hh
   requested to autoload type RestFrames::RFLog
Error in cling::AutoLoadingVisitor::InsertIntoAutoLoadingState:
   Missing FileEntry for RestFrames/RFBase.hh
   requested to autoload type RestFrames::RFBase
Error in cling::AutoLoadingVisitor::InsertIntoAutoLoadingState:
   Missing FileEntry for RestFrames/RFPlot.hh
   requested to autoload type RestFrames::RFPlot
Error in cling::AutoLoadingVisitor::InsertIntoAutoLoadingState:
   Missing FileEntry for RestFrames/LabRecoFrame.hh
   requested to autoload type RestFrames::LabRecoFrame
Error in cling::AutoLoadingVisitor::InsertIntoAutoLoadingState:
   Missing FileEntry for RestFrames/DecayRecoFrame.hh
   requested to autoload type RestFrames::DecayRecoFrame
Error in cling::AutoLoadingVisitor::InsertIntoAutoLoadingState:
   Missing FileEntry for RestFrames/VisibleRecoFrame.hh
   requested to autoload type RestFrames::VisibleRecoFrame
Error in cling::AutoLoadingVisitor::InsertIntoAutoLoadingState:
   Missing FileEntry for RestFrames/InvisibleRecoFrame.hh
   requested to autoload type RestFrames::InvisibleRecoFrame
Error in cling::AutoLoadingVisitor::InsertIntoAutoLoadingState:
   Missing FileEntry for RestFrames/SelfAssemblingRecoFrame.hh
   requested to autoload type RestFrames::SelfAssemblingRecoFrame
Error in cling::AutoLoadingVisitor::InsertIntoAutoLoadingState:
   Missing FileEntry for RestFrames/LabGenFrame.hh
   requested to autoload type RestFrames::LabGenFrame
Error in cling::AutoLoadingVisitor::InsertIntoAutoLoadingState:
   Missing FileEntry for RestFrames/DecayGenFrame.hh
   requested to autoload type RestFrames::DecayGenFrame
Error in cling::AutoLoadingVisitor::InsertIntoAutoLoadingState:
   Missing FileEntry for RestFrames/VisibleGenFrame.hh
   requested to autoload type RestFrames::VisibleGenFrame
Error in cling::AutoLoadingVisitor::InsertIntoAutoLoadingState:
   Missing FileEntry for RestFrames/InvisibleGenFrame.hh
   requested to autoload type RestFrames::InvisibleGenFrame
Error in cling::AutoLoadingVisitor::InsertIntoAutoLoadingState:
   Missing FileEntry for RestFrames/ResonanceGenFrame.hh
   requested to autoload type RestFrames::ResonanceGenFrame
Error in cling::AutoLoadingVisitor::InsertIntoAutoLoadingState:
   Missing FileEntry for RestFrames/ppLabGenFrame.hh
   requested to autoload type RestFrames::ppLabGenFrame
Error in cling::AutoLoadingVisitor::InsertIntoAutoLoadingState:
   Missing FileEntry for RestFrames/InvisibleGroup.hh
   requested to autoload type RestFrames::InvisibleGroup
Error in cling::AutoLoadingVisitor::InsertIntoAutoLoadingState:
   Missing FileEntry for RestFrames/CombinatoricGroup.hh
   requested to autoload type RestFrames::CombinatoricGroup
Error in cling::AutoLoadingVisitor::InsertIntoAutoLoadingState:
   Missing FileEntry for RestFrames/InvisibleJigsaw.hh
   requested to autoload type RestFrames::InvisibleJigsaw
Error in cling::AutoLoadingVisitor::InsertIntoAutoLoadingState:
   Missing FileEntry for RestFrames/CombinatoricJigsaw.hh
   requested to autoload type RestFrames::CombinatoricJigsaw
Error in cling::AutoLoadingVisitor::InsertIntoAutoLoadingState:
   Missing FileEntry for RestFrames/SetMassInvJigsaw.hh
   requested to autoload type RestFrames::SetMassInvJigsaw
Error in cling::AutoLoadingVisitor::InsertIntoAutoLoadingState:
   Missing FileEntry for RestFrames/SetRapidityInvJigsaw.hh
   requested to autoload type RestFrames::SetRapidityInvJigsaw
Error in cling::AutoLoadingVisitor::InsertIntoAutoLoadingState:
   Missing FileEntry for RestFrames/ContraBoostInvJigsaw.hh
   requested to autoload type RestFrames::ContraBoostInvJigsaw
Error in cling::AutoLoadingVisitor::InsertIntoAutoLoadingState:
   Missing FileEntry for RestFrames/CombinedCBInvJigsaw.hh
   requested to autoload type RestFrames::CombinedCBInvJigsaw
Error in cling::AutoLoadingVisitor::InsertIntoAutoLoadingState:
   Missing FileEntry for RestFrames/MinMassDiffInvJigsaw.hh
   requested to autoload type RestFrames::MinMassDiffInvJigsaw
Error in cling::AutoLoadingVisitor::InsertIntoAutoLoadingState:
   Missing FileEntry for RestFrames/MinMassesSqInvJigsaw.hh
   requested to autoload type RestFrames::MinMassesSqInvJigsaw
Error in cling::AutoLoadingVisitor::InsertIntoAutoLoadingState:
   Missing FileEntry for RestFrames/MaxProbBreitWignerInvJigsaw.hh
   requested to autoload type RestFrames::MaxProbBreitWignerInvJigsaw
Error in cling::AutoLoadingVisitor::InsertIntoAutoLoadingState:
   Missing FileEntry for RestFrames/MinMassesCombJigsaw.hh
   requested to autoload type RestFrames::MinMassesCombJigsaw
Error in cling::AutoLoadingVisitor::InsertIntoAutoLoadingState:
   Missing FileEntry for RestFrames/MinMassChi2CombJigsaw.hh
   requested to autoload type RestFrames::MinMassChi2CombJigsaw
Error in cling::AutoLoadingVisitor::InsertIntoAutoLoadingState:
   Missing FileEntry for RestFrames/MaxProbBreitWignerCombJigsaw.hh
   requested to autoload type RestFrames::MaxProbBreitWignerCombJigsaw
Error in cling::AutoLoadingVisitor::InsertIntoAutoLoadingState:
   Missing FileEntry for RestFrames/MinMassDiffCombJigsaw.hh
   requested to autoload type RestFrames::MinMassDiffCombJigsaw
Error in cling::AutoLoadingVisitor::InsertIntoAutoLoadingState:
   Missing FileEntry for RestFrames/MinMassesSqCombJigsaw.hh
   requested to autoload type RestFrames::MinMassesSqCombJigsaw
Error in cling::AutoLoadingVisitor::InsertIntoAutoLoadingState:
   Missing FileEntry for RestFrames/TreePlot.hh
   requested to autoload type RestFrames::TreePlot
Error in cling::AutoLoadingVisitor::InsertIntoAutoLoadingState:
   Missing FileEntry for RestFrames/TreePlotNode.hh
   requested to autoload type RestFrames::TreePlotNode
Error in cling::AutoLoadingVisitor::InsertIntoAutoLoadingState:
   Missing FileEntry for RestFrames/TreePlotLink.hh
   requested to autoload type RestFrames::TreePlotLink
Error in cling::AutoLoadingVisitor::InsertIntoAutoLoadingState:
   Missing FileEntry for RestFrames/HistPlot.hh
   requested to autoload type RestFrames::HistPlot
Error in cling::AutoLoadingVisitor::InsertIntoAutoLoadingState:
   Missing FileEntry for RestFrames/Bspline.hh
   requested to autoload type RestFrames::Bspline
Error in cling::AutoLoadingVisitor::InsertIntoAutoLoadingState:
   Missing FileEntry for RestFrames/RFDataVar.hh
   requested to autoload type RestFrames::RFDataVar
Error in cling::AutoLoadingVisitor::InsertIntoAutoLoadingState:
   Missing FileEntry for RestFrames/RFDataPoint.hh
   requested to autoload type RestFrames::RFDataPoint
Error in cling::AutoLoadingVisitor::InsertIntoAutoLoadingState:
   Missing FileEntry for RestFrames/RFData.hh
   requested to autoload type RestFrames::RFData
Error in cling::AutoLoadingVisitor::InsertIntoAutoLoadingState:
   Missing FileEntry for RestFrames/RFPDF.hh
   requested to autoload type RestFrames::RFPDF
Error in cling::AutoLoadingVisitor::InsertIntoAutoLoadingState:
   Missing FileEntry for RestFrames/DirMixturePDF.hh
   requested to autoload type RestFrames::DirMixturePDF
Error in cling::AutoLoadingVisitor::InsertIntoAutoLoadingState:
   Missing FileEntry for RestFrames/GaussianPDF.hh
   requested to autoload type RestFrames::GaussianPDF
Error in cling::AutoLoadingVisitor::InsertIntoAutoLoadingState:
   Missing FileEntry for RestFrames/LognormalPDF.hh
   requested to autoload type RestFrames::LognormalPDF
Error in cling::AutoLoadingVisitor::InsertIntoAutoLoadingState:
   Missing FileEntry for RestFrames/LogsplinePDF.hh
   requested to autoload type RestFrames::LogsplinePDF
Error in cling::AutoLoadingVisitor::InsertIntoAutoLoadingState:
   Missing FileEntry for RestFrames/ProductPDF.hh
   requested to autoload type RestFrames::ProductPDF
Error in cling::AutoLoadingVisitor::InsertIntoAutoLoadingState:
   Missing FileEntry for RestFrames/RFsplinePDF.hh
   requested to autoload type RestFrames::RFsplinePDF
Error in cling::AutoLoadingVisitor::InsertIntoAutoLoadingState:
   Missing FileEntry for RestFrames/RFList.hh
   requested to autoload type RestFrames::RFBaseList
Error in cling::AutoLoadingVisitor::InsertIntoAutoLoadingState:
   Missing FileEntry for RestFrames/RFList.hh
   requested to autoload type RestFrames::RestFrameList
Error in cling::AutoLoadingVisitor::InsertIntoAutoLoadingState:
   Missing FileEntry for RestFrames/RFList.hh
   requested to autoload type RestFrames::ConstRestFrameList
Error in cling::AutoLoadingVisitor::InsertIntoAutoLoadingState:
   Missing FileEntry for RestFrames/RFList.hh
   requested to autoload type RestFrames::GroupList
Error in cling::AutoLoadingVisitor::InsertIntoAutoLoadingState:
   Missing FileEntry for RestFrames/RFList.hh
   requested to autoload type RestFrames::ConstGroupList
Error in cling::AutoLoadingVisitor::InsertIntoAutoLoadingState:
   Missing FileEntry for RestFrames/RFList.hh
   requested to autoload type RestFrames::JigsawList
Error in cling::AutoLoadingVisitor::InsertIntoAutoLoadingState:
   Missing FileEntry for RestFrames/RFList.hh
   requested to autoload type RestFrames::ConstJigsawList
Error in cling::AutoLoadingVisitor::InsertIntoAutoLoadingState:
   Missing FileEntry for RestFrames/State.hh
   requested to autoload type RestFrames::State
Error in cling::AutoLoadingVisitor::InsertIntoAutoLoadingState:
   Missing FileEntry for RestFrames/RFList.hh
   requested to autoload type RestFrames::StateList
Error in cling::AutoLoadingVisitor::InsertIntoAutoLoadingState:
   Missing FileEntry for RestFrames/VisibleState.hh
   requested to autoload type RestFrames::VisibleState
Error in cling::AutoLoadingVisitor::InsertIntoAutoLoadingState:
   Missing FileEntry for RestFrames/RFList.hh
   requested to autoload type RestFrames::VisibleStateList
Error in cling::AutoLoadingVisitor::InsertIntoAutoLoadingState:
   Missing FileEntry for RestFrames/RFList.hh
   requested to autoload type RestFrames::HistPlotVarList
Error in cling::AutoLoadingVisitor::InsertIntoAutoLoadingState:
   Missing FileEntry for RestFrames/RFList.hh
   requested to autoload type RestFrames::HistPlotCatList
terminate called after throwing an instance of 'std::invalid_argument'
  what():  stoi
/srv/runLocalCKUCMSAodSVSkimmer.sh: line 36:   169 Aborted                 (core dumped) ./runLocalCKUCMSAodSVSkimmer.obj "$1" "$2" "$3"
